issuesauthenticatorcode/platforms/android/build/outputs/logs/manifest-merger-release-report.txt
-- Merging decision tree log ---
manifest
ADDED from platforms/android/AndroidManifest.xml:2:1-53:12
	package
		ADDED from platforms/android/AndroidManifest.xml:2:98-124
		INJECTED from platforms/android/AndroidManifest.xml
		INJECTED from platforms/android/AndroidManifest.xml
	android:versionName
		ADDED from platforms/android/AndroidManifest.xml:2:70-97
		INJECTED from platforms/android/AndroidManifest.xml
		INJECTED from platforms/android/AndroidManifest.xml
	android:hardwareAccelerated
		ADDED from platforms/android/AndroidManifest.xml:2:11-45
	android:versionCode
		ADDED from platforms/android/AndroidManifest.xml:2:46-69
		INJECTED from platforms/android/AndroidManifest.xml
		INJECTED from platforms/android/AndroidManifest.xml
	xmlns:android
		ADDED from platforms/android/AndroidManifest.xml:2:125-183
supports-screens
ADDED from platforms/android/AndroidManifest.xml:3:5-191
	android:largeScreens
		ADDED from platforms/android/AndroidManifest.xml:3:49-76
	android:smallScreens
		ADDED from platforms/android/AndroidManifest.xml:3:132-159
	android:normalScreens
		ADDED from platforms/android/AndroidManifest.xml:3:77-105
	android:xlargeScreens
		ADDED from platforms/android/AndroidManifest.xml:3:160-188
	android:resizeable
		ADDED from platforms/android/AndroidManifest.xml:3:106-131
	android:anyDensity
		ADDED from platforms/android/AndroidManifest.xml:3:23-48
uses-permission#android.permission.INTERNET
ADDED from platforms/android/AndroidManifest.xml:4:5-67
	android:name
		ADDED from platforms/android/AndroidManifest.xml:4:22-64
application
ADDED from platforms/android/AndroidManifest.xml:5:5-33:19
MERGED from [com.google.android.gms:play-services-location:11.6.2] AndroidManifest.xml:4:5-19
MERGED from [com.google.android.gms:play-services-base:11.6.2] AndroidManifest.xml:18:5-20:19
MERGED from [com.google.android.gms:play-services-base-license:11.6.2] AndroidManifest.xml:5:5-20
MERGED from [com.google.android.gms:play-services-tasks:11.6.2] AndroidManifest.xml:4:5-19
MERGED from [com.google.android.gms:play-services-basement:11.6.2] AndroidManifest.xml:19:5-21:19
MERGED from [com.google.android.gms:play-services-basement-license:11.6.2] AndroidManifest.xml:5:5-20
MERGED from [com.google.android.gms:play-services-tasks-license:11.6.2] AndroidManifest.xml:5:5-20
MERGED from [com.google.android.gms:play-services-location-license:11.6.2] AndroidManifest.xml:5:5-20
	android:label
		ADDED from platforms/android/AndroidManifest.xml:5:81-113
	android:supportsRtl
		ADDED from platforms/android/AndroidManifest.xml:5:114-140
	android:hardwareAccelerated
		ADDED from platforms/android/AndroidManifest.xml:5:18-52
	android:icon
		ADDED from platforms/android/AndroidManifest.xml:5:53-80
activity#io.ionic.starter.MainActivity
ADDED from platforms/android/AndroidManifest.xml:6:9-12:20
	android:label
		ADDED from platforms/android/AndroidManifest.xml:6:97-134
	android:launchMode
		ADDED from platforms/android/AndroidManifest.xml:6:135-165
	android:windowSoftInputMode
		ADDED from platforms/android/AndroidManifest.xml:6:257-299
	android:configChanges
		ADDED from platforms/android/AndroidManifest.xml:6:19-96
	android:theme
		ADDED from platforms/android/AndroidManifest.xml:6:194-256
	android:name
		ADDED from platforms/android/AndroidManifest.xml:6:166-193
intent-filter#android.intent.action.MAIN+android.intent.category.LAUNCHER
ADDED from platforms/android/AndroidManifest.xml:7:13-10:29
	android:label
		ADDED from platforms/android/AndroidManifest.xml:7:28-65
action#android.intent.action.MAIN
ADDED from platforms/android/AndroidManifest.xml:8:17-69
	android:name
		ADDED from platforms/android/AndroidManifest.xml:8:25-66
category#android.intent.category.LAUNCHER
ADDED from platforms/android/AndroidManifest.xml:9:17-77
	android:name
		ADDED from platforms/android/AndroidManifest.xml:9:27-74
action#android.net.conn.CONNECTIVITY_CHANGE
ADDED from platforms/android/AndroidManifest.xml:11:13-75
	android:name
		ADDED from platforms/android/AndroidManifest.xml:11:21-72
meta-data#com.google.android.gms.version
ADDED from platforms/android/AndroidManifest.xml:13:9-122
MERGED from [com.google.android.gms:play-services-basement:11.6.2] AndroidManifest.xml:20:9-121
	android:value
		ADDED from platforms/android/AndroidManifest.xml:13:66-119
	android:name
		ADDED from platforms/android/AndroidManifest.xml:13:20-65
service#com.marianhello.bgloc.sync.SyncService
ADDED from platforms/android/AndroidManifest.xml:14:9-19:19
	android:process
		ADDED from platforms/android/AndroidManifest.xml:14:96-119
	android:exported
		ADDED from platforms/android/AndroidManifest.xml:14:18-41
	android:name
		ADDED from platforms/android/AndroidManifest.xml:14:42-95
intent-filter#android.content.SyncAdapter
ADDED from platforms/android/AndroidManifest.xml:15:13-17:29
action#android.content.SyncAdapter
ADDED from platforms/android/AndroidManifest.xml:16:17-70
	android:name
		ADDED from platforms/android/AndroidManifest.xml:16:25-67
meta-data#android.content.SyncAdapter
ADDED from platforms/android/AndroidManifest.xml:18:13-105
	android:resource
		ADDED from platforms/android/AndroidManifest.xml:18:67-102
	android:name
		ADDED from platforms/android/AndroidManifest.xml:18:24-66
service#com.marianhello.bgloc.sync.AuthenticatorService
ADDED from platforms/android/AndroidManifest.xml:20:9-25:19
	android:name
		ADDED from platforms/android/AndroidManifest.xml:20:18-80
intent-filter#android.accounts.AccountAuthenticator
ADDED from platforms/android/AndroidManifest.xml:21:13-23:29
action#android.accounts.AccountAuthenticator
ADDED from platforms/android/AndroidManifest.xml:22:17-80
	android:name
		ADDED from platforms/android/AndroidManifest.xml:22:25-77
meta-data#android.accounts.AccountAuthenticator
ADDED from platforms/android/AndroidManifest.xml:24:13-117
	android:resource
		ADDED from platforms/android/AndroidManifest.xml:24:77-114
	android:name
		ADDED from platforms/android/AndroidManifest.xml:24:24-76
provider#com.marianhello.bgloc.sync.DummyContentProvider
ADDED from platforms/android/AndroidManifest.xml:26:9-181
	android:authorities
		ADDED from platforms/android/AndroidManifest.xml:26:19-66
	android:syncable
		ADDED from platforms/android/AndroidManifest.xml:26:155-178
	android:exported
		ADDED from platforms/android/AndroidManifest.xml:26:67-91
	android:name
		ADDED from platforms/android/AndroidManifest.xml:26:92-154
service#com.marianhello.bgloc.LocationService
ADDED from platforms/android/AndroidManifest.xml:27:9-121
	android:enabled
		ADDED from platforms/android/AndroidManifest.xml:27:18-40
	android:exported
		ADDED from platforms/android/AndroidManifest.xml:27:41-65
	android:name
		ADDED from platforms/android/AndroidManifest.xml:27:66-118
receiver#com.marianhello.bgloc.BootCompletedReceiver
ADDED from platforms/android/AndroidManifest.xml:28:9-32:20
	android:enabled
		ADDED from platforms/android/AndroidManifest.xml:28:19-41
	android:exported
		ADDED from platforms/android/AndroidManifest.xml:28:42-65
	android:name
		ADDED from platforms/android/AndroidManifest.xml:28:66-124
intent-filter#android.intent.action.BOOT_COMPLETED
ADDED from platforms/android/AndroidManifest.xml:29:13-31:29
action#android.intent.action.BOOT_COMPLETED
ADDED from platforms/android/AndroidManifest.xml:30:17-79
	android:name
		ADDED from platforms/android/AndroidManifest.xml:30:25-76
uses-sdk
ADDED from platforms/android/AndroidManifest.xml:34:5-74
MERGED from [com.google.android.gms:play-services-location:11.6.2] AndroidManifest.xml:3:5-43
MERGED from [com.google.android.gms:play-services-base:11.6.2] AndroidManifest.xml:17:5-43
MERGED from [com.google.android.gms:play-services-base-license:11.6.2] AndroidManifest.xml:4:5-43
MERGED from [com.google.android.gms:play-services-tasks:11.6.2] AndroidManifest.xml:3:5-43
MERGED from [com.google.android.gms:play-services-basement:11.6.2] AndroidManifest.xml:17:5-43
MERGED from [com.google.android.gms:play-services-basement-license:11.6.2] AndroidManifest.xml:4:5-43
MERGED from [com.google.android.gms:play-services-tasks-license:11.6.2] AndroidManifest.xml:4:5-43
MERGED from [com.google.android.gms:play-services-location-license:11.6.2] AndroidManifest.xml:4:5-43
MERGED from [com.android.support:support-v4:27.0.2] AndroidManifest.xml:20:5-44
MERGED from [com.android.support:support-media-compat:27.0.2] AndroidManifest.xml:20:5-44
MERGED from [com.android.support:support-fragment:27.0.2] AndroidManifest.xml:20:5-44
MERGED from [com.android.support:support-core-ui:27.0.2] AndroidManifest.xml:20:5-44
MERGED from [com.android.support:support-core-utils:27.0.2] AndroidManifest.xml:20:5-44
MERGED from [com.android.support:support-compat:27.0.2] AndroidManifest.xml:20:5-44
MERGED from [android.arch.lifecycle:runtime:1.0.3] AndroidManifest.xml:20:5-22:41
MERGED from [org.apache.cordova:CordovaLib:6.3.0:release] AndroidManifest.xml:25:5-44
	android:targetSdkVersion
		ADDED from platforms/android/AndroidManifest.xml:34:42-71
	android:minSdkVersion
		ADDED from platforms/android/AndroidManifest.xml:34:15-41
uses-permission#android.permission.ACCESS_COARSE_LOCATION
ADDED from platforms/android/AndroidManifest.xml:35:5-81
	android:name
		ADDED from platforms/android/AndroidManifest.xml:35:22-78
uses-permission#android.permission.ACCESS_FINE_LOCATION
ADDED from platforms/android/AndroidManifest.xml:36:5-79
	android:name
		ADDED from platforms/android/AndroidManifest.xml:36:22-76
uses-feature#android.hardware.location.gps
ADDED from platforms/android/AndroidManifest.xml:37:5-66
	android:name
		ADDED from platforms/android/AndroidManifest.xml:37:19-63
uses-permission#android.permission.WRITE_EXTERNAL_STORAGE
ADDED from platforms/android/AndroidManifest.xml:38:5-81
	android:name
		ADDED from platforms/android/AndroidManifest.xml:38:22-78
uses-permission#android.permission.READ_EXTERNAL_STORAGE
ADDED from platforms/android/AndroidManifest.xml:39:5-80
	android:name
		ADDED from platforms/android/AndroidManifest.xml:39:22-77
uses-permission#android.permission.ACCESS_WIFI_STATE
ADDED from platforms/android/AndroidManifest.xml:40:5-76
	android:name
		ADDED from platforms/android/AndroidManifest.xml:40:22-73
uses-permission#android.permission.ACCESS_NETWORK_STATE
ADDED from platforms/android/AndroidManifest.xml:41:5-79
	android:name
		ADDED from platforms/android/AndroidManifest.xml:41:22-76
uses-permission#android.permission.CHANGE_WIFI_STATE
ADDED from platforms/android/AndroidManifest.xml:42:5-76
	android:name
		ADDED from platforms/android/AndroidManifest.xml:42:22-73
uses-permission#android.permission.CHANGE_NETWORK_STATE
ADDED from platforms/android/AndroidManifest.xml:43:5-79
	android:name
		ADDED from platforms/android/AndroidManifest.xml:43:22-76
uses-permission#android.permission.AUTHENTICATE_ACCOUNTS
ADDED from platforms/android/AndroidManifest.xml:44:5-80
	android:name
		ADDED from platforms/android/AndroidManifest.xml:44:22-77
uses-permission#android.permission.GET_ACCOUNTS
ADDED from platforms/android/AndroidManifest.xml:45:5-71
	android:name
		ADDED from platforms/android/AndroidManifest.xml:45:22-68
uses-permission#android.permission.READ_SYNC_SETTINGS
ADDED from platforms/android/AndroidManifest.xml:46:5-77
	android:name
		ADDED from platforms/android/AndroidManifest.xml:46:22-74
uses-permission#android.permission.WRITE_SYNC_SETTINGS
ADDED from platforms/android/AndroidManifest.xml:47:5-78
	android:name
		ADDED from platforms/android/AndroidManifest.xml:47:22-75
uses-permission#android.permission.RECEIVE_BOOT_COMPLETED
ADDED from platforms/android/AndroidManifest.xml:48:5-81
	android:name
		ADDED from platforms/android/AndroidManifest.xml:48:22-78
uses-permission#com.google.android.gms.permission.ACTIVITY_RECOGNITION
ADDED from platforms/android/AndroidManifest.xml:49:5-94
	android:name
		ADDED from platforms/android/AndroidManifest.xml:49:22-91
uses-permission#android.permission.ACCESS_LOCATION_EXTRA_COMMANDS
ADDED from platforms/android/AndroidManifest.xml:50:5-89
	android:name
		ADDED from platforms/android/AndroidManifest.xml:50:22-86
uses-permission#android.permission.WAKE_LOCK
ADDED from platforms/android/AndroidManifest.xml:51:5-68
	android:name
		ADDED from platforms/android/AndroidManifest.xml:51:22-65
uses-permission#android.hardware.location
ADDED from platforms/android/AndroidManifest.xml:52:5-65
	android:name
		ADDED from platforms/android/AndroidManifest.xml:52:22-62
activity#com.google.android.gms.common.api.GoogleApiActivity
ADDED from [com.google.android.gms:play-services-base:11.6.2] AndroidManifest.xml:19:9-172
	android:exported
		ADDED from [com.google.android.gms:play-services-base:11.6.2] AndroidManifest.xml:19:146-170
	android:theme
		ADDED from [com.google.android.gms:play-services-base:11.6.2] AndroidManifest.xml:19:86-145
	android:name
		ADDED from [com.google.android.gms:play-services-base:11.6.2] AndroidManifest.xml:19:19-85